2026-03-03 10:45:37.621 | INFO     | __main__:init_db:95 - Database initialized
2026-03-03 10:45:37.621 | INFO     | __main__:__init__:48 - Collector2026 initialized, DB: quant_data_2026.db
2026-03-03 10:45:37.621 | INFO     | __main__:main:432 - Starting 全量 collection for 2026...
2026-03-03 10:45:37.625 | INFO     | __main__:main:446 - Collecting 12 indices...
2026-03-03 10:45:37.625 | INFO     | __main__:collect_all:339 - Starting to collect 12 symbols...
2026-03-03 10:45:37.625 | INFO     | __main__:collect_all:340 - Skipped 0 already completed
2026-03-03 10:45:39.453 | INFO     | __main__:collect_all:353 - [10/12] 399300.SZ: success, 已用 0.0 分, 速度 328.3 个/分, 进度 83.3%
2026-03-03 10:45:42.186 | INFO     | __main__:collect_all:353 - [12/12] 399905.SZ: success, 已用 0.1 分, 速度 157.9 个/分, 进度 100.0%
2026-03-03 10:45:42.186 | INFO     | __main__:collect_all:363 - ============================================================
2026-03-03 10:45:42.186 | INFO     | __main__:collect_all:364 - 采集完成!
2026-03-03 10:45:42.186 | INFO     | __main__:collect_all:365 - 成功: 12, 跳过: 0, 空数据: 0, 错误: 0
2026-03-03 10:45:42.186 | INFO     | __main__:collect_all:366 - 总记录数: 420
2026-03-03 10:45:42.186 | INFO     | __main__:collect_all:367 - 总用时: 0.1 分钟
2026-03-03 10:45:42.186 | INFO     | __main__:collect_all:368 - ============================================================
2026-03-03 10:45:42.186 | INFO     | __main__:main:450 - Collecting 5485 stocks...
2026-03-03 10:45:42.187 | INFO     | __main__:collect_all:339 - Starting to collect 5485 symbols...
2026-03-03 10:45:42.187 | INFO     | __main__:collect_all:340 - Skipped 0 already completed
2026-03-03 10:45:44.501 | INFO     | __main__:collect_all:353 - [10/5485] 000012.SZ: success, 已用 0.0 分, 速度 259.3 个/分, 进度 0.2%
2026-03-03 10:45:46.913 | INFO     | __main__:collect_all:353 - [20/5485] 000027.SZ: success, 已用 0.1 分, 速度 253.9 个/分, 进度 0.4%
2026-03-03 10:45:48.682 | INFO     | __main__:collect_all:353 - [30/5485] 000039.SZ: success, 已用 0.1 分, 速度 277.1 个/分, 进度 0.5%
2026-03-03 10:45:50.432 | INFO     | __main__:collect_all:353 - [40/5485] 000059.SZ: success, 已用 0.1 分, 速度 291.1 个/分, 进度 0.7%
2026-03-03 10:45:52.390 | INFO     | __main__:collect_all:353 - [50/5485] 000078.SZ: success, 已用 0.2 分, 速度 294.0 个/分, 进度 0.9%
2026-03-03 10:45:58.523 | INFO     | __main__:collect_all:353 - [60/5485] 000156.SZ: success, 已用 0.3 分, 速度 220.4 个/分, 进度 1.1%
2026-03-03 10:46:02.095 | INFO     | __main__:collect_all:353 - [70/5485] 000407.SZ: success, 已用 0.3 分, 速度 211.0 个/分, 进度 1.3%
2026-03-03 10:46:13.121 | INFO     | __main__:collect_all:353 - [80/5485] 000422.SZ: success, 已用 0.5 分, 速度 155.2 个/分, 进度 1.5%
2026-03-03 10:46:15.646 | INFO     | __main__:collect_all:353 - [90/5485] 000503.SZ: success, 已用 0.6 分, 速度 161.4 个/分, 进度 1.6%
2026-03-03 10:46:18.774 | INFO     | __main__:collect_all:353 - [100/5485] 000517.SZ: success, 已用 0.6 分, 速度 164.0 个/分, 进度 1.8%
2026-03-03 10:46:31.776 | INFO     | __main__:collect_all:353 - [110/5485] 000529.SZ: success, 已用 0.8 分, 速度 133.1 个/分, 进度 2.0%
2026-03-03 10:46:33.945 | INFO     | __main__:collect_all:353 - [120/5485] 000541.SZ: success, 已用 0.9 分, 速度 139.1 个/分, 进度 2.2%
2026-03-03 10:46:36.726 | INFO     | __main__:collect_all:353 - [130/5485] 000553.SZ: success, 已用 0.9 分, 速度 143.0 个/分, 进度 2.4%
2026-03-03 10:46:38.808 | INFO     | __main__:collect_all:353 - [140/5485] 000565.SZ: success, 已用 0.9 分, 速度 148.4 个/分, 进度 2.6%
2026-03-03 10:46:40.989 | INFO     | __main__:collect_all:353 - [150/5485] 000582.SZ: success, 已用 1.0 分, 速度 153.1 个/分, 进度 2.7%
2026-03-03 10:46:43.105 | INFO     | __main__:collect_all:353 - [160/5485] 000598.SZ: success, 已用 1.0 分, 速度 157.6 个/分, 进度 2.9%
2026-03-03 10:46:45.162 | INFO     | __main__:collect_all:353 - [170/5485] 000612.SZ: success, 已用 1.0 分, 速度 162.0 个/分, 进度 3.1%
2026-03-03 10:46:47.048 | INFO     | __main__:collect_all:353 - [180/5485] 000630.SZ: success, 已用 1.1 分, 速度 166.5 个/分, 进度 3.3%
2026-03-03 10:46:49.224 | INFO     | __main__:collect_all:353 - [190/5485] 000651.SZ: success, 已用 1.1 分, 速度 170.1 个/分, 进度 3.5%
2026-03-03 10:46:51.201 | INFO     | __main__:collect_all:353 - [200/5485] 000669.SZ: success, 已用 1.2 分, 速度 173.9 个/分, 进度 3.6%
2026-03-03 10:46:53.440 | INFO     | __main__:collect_all:353 - [210/5485] 000683.SZ: success, 已用 1.2 分, 速度 176.8 个/分, 进度 3.8%
2026-03-03 10:46:55.618 | INFO     | __main__:collect_all:353 - [220/5485] 000698.SZ: success, 已用 1.2 分, 速度 179.8 个/分, 进度 4.0%
2026-03-03 10:46:59.465 | INFO     | __main__:collect_all:353 - [230/5485] 000711.SZ: success, 已用 1.3 分, 速度 178.6 个/分, 进度 4.2%
2026-03-03 10:47:02.369 | INFO     | __main__:collect_all:353 - [240/5485] 000722.SZ: success, 已用 1.3 分, 速度 179.6 个/分, 进度 4.4%
2026-03-03 10:47:05.751 | INFO     | __main__:collect_all:353 - [250/5485] 000736.SZ: success, 已用 1.4 分, 速度 179.5 个/分, 进度 4.6%
2026-03-03 10:47:07.632 | INFO     | __main__:collect_all:353 - [260/5485] 000757.SZ: success, 已用 1.4 分, 速度 182.6 个/分, 进度 4.7%
2026-03-03 10:47:09.411 | INFO     | __main__:collect_all:353 - [270/5485] 000778.SZ: success, 已用 1.5 分, 速度 185.7 个/分, 进度 4.9%
2026-03-03 10:47:11.654 | INFO     | __main__:collect_all:353 - [280/5485] 000792.SZ: success, 已用 1.5 分, 速度 187.8 个/分, 进度 5.1%
2026-03-03 10:47:13.839 | INFO     | __main__:collect_all:353 - [290/5485] 000803.SZ: success, 已用 1.5 分, 速度 189.8 个/分, 进度 5.3%
2026-03-03 10:47:15.839 | INFO     | __main__:collect_all:353 - [300/5485] 000819.SZ: success, 已用 1.6 分, 速度 192.2 个/分, 进度 5.5%
2026-03-03 10:47:17.861 | INFO     | __main__:collect_all:353 - [310/5485] 000831.SZ: success, 已用 1.6 分, 速度 194.4 个/分, 进度 5.7%
2026-03-03 10:47:19.912 | INFO     | __main__:collect_all:353 - [320/5485] 000859.SZ: success, 已用 1.6 分, 速度 196.5 个/分, 进度 5.8%
2026-03-03 10:47:21.878 | INFO     | __main__:collect_all:353 - [330/5485] 000880.SZ: success, 已用 1.7 分, 速度 198.6 个/分, 进度 6.0%
2026-03-03 10:47:23.691 | INFO     | __main__:collect_all:353 - [340/5485] 000892.SZ: success, 已用 1.7 分, 速度 201.0 个/分, 进度 6.2%
2026-03-03 10:47:26.127 | INFO     | __main__:collect_all:353 - [350/5485] 000903.SZ: success, 已用 1.7 分, 速度 202.0 个/分, 进度 6.4%
2026-03-03 10:47:28.243 | INFO     | __main__:collect_all:353 - [360/5485] 000917.SZ: success, 已用 1.8 分, 速度 203.7 个/分, 进度 6.6%
2026-03-03 10:47:31.592 | INFO     | __main__:collect_all:353 - [370/5485] 000929.SZ: success, 已用 1.8 分, 速度 202.9 个/分, 进度 6.7%
2026-03-03 10:47:34.753 | INFO     | __main__:collect_all:353 - [380/5485] 000949.SZ: success, 已用 1.9 分, 速度 202.5 个/分, 进度 6.9%
2026-03-03 10:47:36.989 | INFO     | __main__:collect_all:353 - [390/5485] 000962.SZ: success, 已用 1.9 分, 速度 203.8 个/分, 进度 7.1%
2026-03-03 10:47:38.660 | INFO     | __main__:collect_all:353 - [400/5485] 000975.SZ: success, 已用 1.9 分, 速度 206.1 个/分, 进度 7.3%
2026-03-03 10:47:43.079 | INFO     | __main__:collect_all:353 - [410/5485] 000990.SZ: success, 已用 2.0 分, 速度 203.5 个/分, 进度 7.5%
2026-03-03 10:47:45.401 | INFO     | __main__:collect_all:353 - [420/5485] 600006.SH: success, 已用 2.1 分, 速度 204.5 个/分, 进度 7.7%
2026-03-03 10:47:47.822 | INFO     | __main__:collect_all:353 - [430/5485] 600020.SH: success, 已用 2.1 分, 速度 205.4 个/分, 进度 7.8%
2026-03-03 10:47:49.790 | INFO     | __main__:collect_all:353 - [440/5485] 600037.SH: success, 已用 2.1 分, 速度 206.9 个/分, 进度 8.0%
2026-03-03 10:47:51.800 | INFO     | __main__:collect_all:353 - [450/5485] 600057.SH: success, 已用 2.2 分, 速度 208.3 个/分, 进度 8.2%
2026-03-03 10:47:53.569 | INFO     | __main__:collect_all:353 - [460/5485] 600071.SH: success, 已用 2.2 分, 速度 210.1 个/分, 进度 8.4%
2026-03-03 10:47:55.759 | INFO     | __main__:collect_all:353 - [470/5485] 600084.SH: success, 已用 2.2 分, 速度 211.1 个/分, 进度 8.6%
2026-03-03 10:47:57.901 | INFO     | __main__:collect_all:353 - [480/5485] 600100.SH: success, 已用 2.3 分, 速度 212.2 个/分, 进度 8.8%
2026-03-03 10:47:59.794 | INFO     | __main__:collect_all:353 - [490/5485] 600111.SH: success, 已用 2.3 分, 速度 213.7 个/分, 进度 8.9%
2026-03-03 10:48:01.690 | INFO     | __main__:collect_all:353 - [500/5485] 600123.SH: success, 已用 2.3 分, 速度 215.0 个/分, 进度 9.1%
2026-03-03 10:48:03.604 | INFO     | __main__:collect_all:353 - [510/5485] 600135.SH: success, 已用 2.4 分, 速度 216.4 个/分, 进度 9.3%
2026-03-03 10:48:05.390 | INFO     | __main__:collect_all:353 - [520/5485] 600153.SH: success, 已用 2.4 分, 速度 217.9 个/分, 进度 9.5%
2026-03-03 10:48:07.056 | INFO     | __main__:collect_all:353 - [530/5485] 600165.SH: success, 已用 2.4 分, 速度 219.5 个/分, 进度 9.7%
2026-03-03 10:48:08.756 | INFO     | __main__:collect_all:353 - [540/5485] 600177.SH: success, 已用 2.4 分, 速度 221.1 个/分, 进度 9.8%
2026-03-03 10:48:10.686 | INFO     | __main__:collect_all:353 - [550/5485] 600188.SH: success, 已用 2.5 分, 速度 222.2 个/分, 进度 10.0%
2026-03-03 10:48:12.752 | INFO     | __main__:collect_all:353 - [560/5485] 600201.SH: success, 已用 2.5 分, 速度 223.2 个/分, 进度 10.2%
2026-03-03 10:48:14.628 | INFO     | __main__:collect_all:353 - [570/5485] 600216.SH: success, 已用 2.5 分, 速度 224.3 个/分, 进度 10.4%
2026-03-03 10:48:16.504 | INFO     | __main__:collect_all:353 - [580/5485] 600229.SH: success, 已用 2.6 分, 速度 225.5 个/分, 进度 10.6%
2026-03-03 10:48:18.290 | INFO     | __main__:collect_all:353 - [590/5485] 600239.SH: success, 已用 2.6 分, 速度 226.8 个/分, 进度 10.8%
2026-03-03 10:48:20.075 | INFO     | __main__:collect_all:353 - [600/5485] 600256.SH: success, 已用 2.6 分, 速度 228.0 个/分, 进度 10.9%
2026-03-03 10:48:22.047 | INFO     | __main__:collect_all:353 - [610/5485] 600269.SH: success, 已用 2.7 分, 速度 228.9 个/分, 进度 11.1%
2026-03-03 10:48:29.666 | INFO     | __main__:collect_all:353 - [620/5485] 600283.SH: success, 已用 2.8 分, 速度 222.1 个/分, 进度 11.3%
2026-03-03 10:48:32.814 | INFO     | __main__:collect_all:353 - [630/5485] 600299.SH: success, 已用 2.8 分, 速度 221.5 个/分, 进度 11.5%
2026-03-03 10:48:35.239 | INFO     | __main__:collect_all:353 - [640/5485] 600312.SH: success, 已用 2.9 分, 速度 221.9 个/分, 进度 11.7%
2026-03-03 10:48:39.070 | INFO     | __main__:collect_all:353 - [650/5485] 600326.SH: success, 已用 2.9 分, 速度 220.5 个/分, 进度 11.9%
2026-03-03 10:48:41.173 | INFO     | __main__:collect_all:353 - [660/5485] 600337.SH: success, 已用 3.0 分, 速度 221.2 个/分, 进度 12.0%
2026-03-03 10:48:43.191 | INFO     | __main__:collect_all:353 - [670/5485] 600352.SH: success, 已用 3.0 分, 速度 222.1 个/分, 进度 12.2%
2026-03-03 10:48:45.244 | INFO     | __main__:collect_all:353 - [680/5485] 600363.SH: success, 已用 3.1 分, 速度 222.9 个/分, 进度 12.4%
2026-03-03 10:48:47.402 | INFO     | __main__:collect_all:353 - [690/5485] 600375.SH: success, 已用 3.1 分, 速度 223.5 个/分, 进度 12.6%
2026-03-03 10:48:49.362 | INFO     | __main__:collect_all:353 - [700/5485] 600388.SH: success, 已用 3.1 分, 速度 224.4 个/分, 进度 12.8%
2026-03-03 10:48:51.396 | INFO     | __main__:collect_all:353 - [710/5485] 600400.SH: success, 已用 3.2 分, 速度 225.1 个/分, 进度 12.9%
2026-03-03 10:48:53.448 | INFO     | __main__:collect_all:353 - [720/5485] 600419.SH: success, 已用 3.2 分, 速度 225.9 个/分, 进度 13.1%
2026-03-03 10:48:55.365 | INFO     | __main__:collect_all:353 - [730/5485] 600435.SH: success, 已用 3.2 分, 速度 226.7 个/分, 进度 13.3%
2026-03-03 10:48:57.158 | INFO     | __main__:collect_all:353 - [740/5485] 600456.SH: success, 已用 3.2 分, 速度 227.7 个/分, 进度 13.5%
2026-03-03 10:48:59.188 | INFO     | __main__:collect_all:353 - [750/5485] 600475.SH: success, 已用 3.3 分, 速度 228.4 个/分, 进度 13.7%
2026-03-03 10:49:01.090 | INFO     | __main__:collect_all:353 - [760/5485] 600488.SH: success, 已用 3.3 分, 速度 229.3 个/分, 进度 13.9%
2026-03-03 10:49:02.808 | INFO     | __main__:collect_all:353 - [770/5485] 600500.SH: success, 已用 3.3 分, 速度 230.3 个/分, 进度 14.0%
2026-03-03 10:49:04.638 | INFO     | __main__:collect_all:353 - [780/5485] 600511.SH: success, 已用 3.4 分, 速度 231.2 个/分, 进度 14.2%
2026-03-03 10:49:06.599 | INFO     | __main__:collect_all:353 - [790/5485] 600522.SH: success, 已用 3.4 分, 速度 231.9 个/分, 进度 14.4%
2026-03-03 10:49:08.911 | INFO     | __main__:collect_all:353 - [800/5485] 600535.SH: success, 已用 3.4 分, 速度 232.2 个/分, 进度 14.6%
2026-03-03 10:49:11.380 | INFO     | __main__:collect_all:353 - [810/5485] 600548.SH: success, 已用 3.5 分, 速度 232.3 个/分, 进度 14.8%
2026-03-03 10:49:13.574 | INFO     | __main__:collect_all:353 - [820/5485] 600561.SH: success, 已用 3.5 分, 速度 232.7 个/分, 进度 14.9%
2026-03-03 10:49:16.072 | INFO     | __main__:collect_all:353 - [830/5485] 600573.SH: success, 已用 3.6 分, 速度 232.8 个/分, 进度 15.1%
2026-03-03 10:49:18.859 | INFO     | __main__:collect_all:353 - [840/5485] 600584.SH: success, 已用 3.6 分, 速度 232.6 个/分, 进度 15.3%
2026-03-03 10:49:21.457 | INFO     | __main__:collect_all:353 - [850/5485] 600595.SH: success, 已用 3.7 分, 速度 232.6 个/分, 进度 15.5%
2026-03-03 10:49:23.191 | INFO     | __main__:collect_all:353 - [860/5485] 600605.SH: success, 已用 3.7 分, 速度 233.5 个/分, 进度 15.7%
2026-03-03 10:49:25.313 | INFO     | __main__:collect_all:353 - [870/5485] 600617.SH: success, 已用 3.7 分, 速度 233.9 个/分, 进度 15.9%
2026-03-03 10:49:27.592 | INFO     | __main__:collect_all:353 - [880/5485] 600629.SH: success, 已用 3.8 分, 速度 234.2 个/分, 进度 16.0%
2026-03-03 10:49:29.643 | INFO     | __main__:collect_all:353 - [890/5485] 600642.SH: success, 已用 3.8 分, 速度 234.8 个/分, 进度 16.2%
2026-03-03 10:49:31.402 | INFO     | __main__:collect_all:353 - [900/5485] 600655.SH: success, 已用 3.8 分, 速度 235.6 个/分, 进度 16.4%
2026-03-03 10:49:33.187 | INFO     | __main__:collect_all:353 - [910/5485] 600667.SH: success, 已用 3.9 分, 速度 236.4 个/分, 进度 16.6%
2026-03-03 10:49:35.126 | INFO     | __main__:collect_all:353 - [920/5485] 600682.SH: success, 已用 3.9 分, 速度 237.0 个/分, 进度 16.8%
2026-03-03 10:49:37.275 | INFO     | __main__:collect_all:353 - [930/5485] 600693.SH: success, 已用 3.9 分, 速度 237.4 个/分, 进度 17.0%
2026-03-03 10:49:39.171 | INFO     | __main__:collect_all:353 - [940/5485] 600707.SH: success, 已用 3.9 分, 速度 238.0 个/分, 进度 17.1%
2026-03-03 10:49:41.035 | INFO     | __main__:collect_all:353 - [950/5485] 600718.SH: success, 已用 4.0 分, 速度 238.6 个/分, 进度 17.3%
2026-03-03 10:49:43.184 | INFO     | __main__:collect_all:353 - [960/5485] 600729.SH: success, 已用 4.0 分, 速度 239.0 个/分, 进度 17.5%
2026-03-03 10:49:45.318 | INFO     | __main__:collect_all:353 - [970/5485] 600739.SH: success, 已用 4.1 分, 速度 239.4 个/分, 进度 17.7%
2026-03-03 10:49:47.239 | INFO     | __main__:collect_all:353 - [980/5485] 600750.SH: success, 已用 4.1 分, 速度 239.9 个/分, 进度 17.9%
2026-03-03 10:49:49.005 | INFO     | __main__:collect_all:353 - [990/5485] 600761.SH: success, 已用 4.1 分, 速度 240.7 个/分, 进度 18.0%
2026-03-03 10:49:50.980 | INFO     | __main__:collect_all:353 - [1000/5485] 600775.SH: success, 已用 4.1 分, 速度 241.2 个/分, 进度 18.2%
2026-03-03 10:49:52.826 | INFO     | __main__:collect_all:353 - [1010/5485] 600787.SH: success, 已用 4.2 分, 速度 241.8 个/分, 进度 18.4%
2026-03-03 10:49:54.648 | INFO     | __main__:collect_all:353 - [1020/5485] 600798.SH: success, 已用 4.2 分, 速度 242.4 个/分, 进度 18.6%
2026-03-03 10:49:56.651 | INFO     | __main__:collect_all:353 - [1030/5485] 600812.SH: success, 已用 4.2 分, 速度 242.9 个/分, 进度 18.8%
2026-03-03 10:49:58.679 | INFO     | __main__:collect_all:353 - [1040/5485] 600824.SH: success, 已用 4.3 分, 速度 243.3 个/分, 进度 19.0%
2026-03-03 10:50:00.408 | INFO     | __main__:collect_all:353 - [1050/5485] 600835.SH: success, 已用 4.3 分, 速度 244.0 个/分, 进度 19.1%
2026-03-03 10:50:02.355 | INFO     | __main__:collect_all:353 - [1060/5485] 601607.SH: success, 已用 4.3 分, 速度 244.5 个/分, 进度 19.3%
2026-03-03 10:50:04.403 | INFO     | __main__:collect_all:353 - [1070/5485] 600861.SH: success, 已用 4.4 分, 速度 244.8 个/分, 进度 19.5%
2026-03-03 10:50:06.465 | INFO     | __main__:collect_all:353 - [1080/5485] 600872.SH: success, 已用 4.4 分, 速度 245.2 个/分, 进度 19.7%
2026-03-03 10:50:08.498 | INFO     | __main__:collect_all:353 - [1090/5485] 600883.SH: success, 已用 4.4 分, 速度 245.6 个/分, 进度 19.9%
2026-03-03 10:50:10.265 | INFO     | __main__:collect_all:353 - [1100/5485] 600895.SH: success, 已用 4.5 分, 速度 246.2 个/分, 进度 20.1%
2026-03-03 10:50:11.958 | INFO     | __main__:collect_all:353 - [1110/5485] 600980.SH: success, 已用 4.5 分, 速度 246.9 个/分, 进度 20.2%
2026-03-03 10:50:13.762 | INFO     | __main__:collect_all:353 - [1120/5485] 002003.SZ: success, 已用 4.5 分, 速度 247.4 个/分, 进度 20.4%
2026-03-03 10:50:15.864 | INFO     | __main__:collect_all:353 - [1130/5485] 002014.SZ: success, 已用 4.6 分, 速度 247.7 个/分, 进度 20.6%
2026-03-03 10:50:18.328 | INFO     | __main__:collect_all:353 - [1140/5485] 002026.SZ: success, 已用 4.6 分, 速度 247.7 个/分, 进度 20.8%
2026-03-03 10:50:20.528 | INFO     | __main__:collect_all:353 - [1150/5485] 002036.SZ: success, 已用 4.6 分, 速度 247.9 个/分, 进度 21.0%
2026-03-03 10:50:23.220 | INFO     | __main__:collect_all:353 - [1160/5485] 600973.SH: success, 已用 4.7 分, 速度 247.7 个/分, 进度 21.1%
2026-03-03 10:50:31.239 | INFO     | __main__:collect_all:353 - [1170/5485] 600970.SH: success, 已用 4.8 分, 速度 242.9 个/分, 进度 21.3%
2026-03-03 10:50:33.213 | INFO     | __main__:collect_all:353 - [1180/5485] 002050.SZ: success, 已用 4.9 分, 速度 243.3 个/分, 进度 21.5%
2026-03-03 10:50:35.189 | INFO     | __main__:collect_all:353 - [1190/5485] 600048.SH: success, 已用 4.9 分, 速度 243.7 个/分, 进度 21.7%
2026-03-03 10:50:36.855 | INFO     | __main__:collect_all:353 - [1200/5485] 002065.SZ: success, 已用 4.9 分, 速度 244.3 个/分, 进度 21.9%
2026-03-03 10:50:39.185 | INFO     | __main__:collect_all:353 - [1210/5485] 002072.SZ: success, 已用 4.9 分, 速度 244.4 个/分, 进度 22.1%
2026-03-03 10:50:40.899 | INFO     | __main__:collect_all:353 - [1220/5485] 002077.SZ: success, 已用 5.0 分, 速度 245.1 个/分, 进度 22.2%
2026-03-03 10:50:43.028 | INFO     | __main__:collect_all:353 - [1230/5485] 002088.SZ: success, 已用 5.0 分, 速度 245.3 个/分, 进度 22.4%
2026-03-03 10:50:45.039 | INFO     | __main__:collect_all:353 - [1240/5485] 002101.SZ: success, 已用 5.0 分, 速度 245.7 个/分, 进度 22.6%
2026-03-03 10:50:47.044 | INFO     | __main__:collect_all:353 - [1250/5485] 002110.SZ: success, 已用 5.1 分, 速度 246.0 个/分, 进度 22.8%
2026-03-03 10:50:49.139 | INFO     | __main__:collect_all:353 - [1260/5485] 002114.SZ: success, 已用 5.1 分, 速度 246.3 个/分, 进度 23.0%
2026-03-03 10:50:51.044 | INFO     | __main__:collect_all:353 - [1270/5485] 601318.SH: success, 已用 5.1 分, 速度 246.7 个/分, 进度 23.2%
2026-03-03 10:50:53.668 | INFO     | __main__:collect_all:353 - [1280/5485] 002127.SZ: success, 已用 5.2 分, 速度 246.6 个/分, 进度 23.3%
2026-03-03 10:50:55.496 | INFO     | __main__:collect_all:353 - [1290/5485] 002139.SZ: success, 已用 5.2 分, 速度 247.0 个/分, 进度 23.5%
2026-03-03 10:50:57.796 | INFO     | __main__:collect_all:353 - [1300/5485] 002141.SZ: success, 已用 5.3 分, 速度 247.1 个/分, 进度 23.7%
2026-03-03 10:51:00.182 | INFO     | __main__:collect_all:353 - [1310/5485] 002157.SZ: success, 已用 5.3 分, 速度 247.2 个/分, 进度 23.9%
2026-03-03 10:51:02.074 | INFO     | __main__:collect_all:353 - [1320/5485] 002154.SZ: success, 已用 5.3 分, 速度 247.6 个/分, 进度 24.1%
2026-03-03 10:51:03.738 | INFO     | __main__:collect_all:353 - [1330/5485] 002166.SZ: success, 已用 5.4 分, 速度 248.2 个/分, 进度 24.2%
2026-03-03 10:51:05.403 | INFO     | __main__:collect_all:353 - [1340/5485] 002178.SZ: success, 已用 5.4 分, 速度 248.8 个/分, 进度 24.4%
2026-03-03 10:51:07.334 | INFO     | __main__:collect_all:353 - [1350/5485] 002188.SZ: success, 已用 5.4 分, 速度 249.1 个/分, 进度 24.6%
2026-03-03 10:51:12.536 | INFO     | __main__:collect_all:353 - [1360/5485] 300213.SZ: success, 已用 5.5 分, 速度 247.0 个/分, 进度 24.8%
2026-03-03 10:51:14.289 | INFO     | __main__:collect_all:353 - [1370/5485] 002202.SZ: success, 已用 5.5 分, 速度 247.5 个/分, 进度 25.0%
2026-03-03 10:51:17.307 | INFO     | __main__:collect_all:353 - [1380/5485] 002213.SZ: success, 已用 5.6 分, 速度 247.1 个/分, 进度 25.2%
2026-03-03 10:51:21.857 | INFO     | __main__:collect_all:353 - [1390/5485] 002222.SZ: success, 已用 5.7 分, 速度 245.5 个/分, 进度 25.3%
2026-03-03 10:51:24.363 | INFO     | __main__:collect_all:353 - [1400/5485] 002227.SZ: success, 已用 5.7 分, 速度 245.5 个/分, 进度 25.5%
2026-03-03 10:51:26.058 | INFO     | __main__:collect_all:353 - [1410/5485] 002234.SZ: success, 已用 5.7 分, 速度 246.0 个/分, 进度 25.7%
2026-03-03 10:51:27.724 | INFO     | __main__:collect_all:353 - [1420/5485] 002238.SZ: success, 已用 5.8 分, 速度 246.6 个/分, 进度 25.9%
2026-03-03 10:51:29.892 | INFO     | __main__:collect_all:353 - [1430/5485] 002255.SZ: success, 已用 5.8 分, 速度 246.8 个/分, 进度 26.1%
2026-03-03 10:51:31.693 | INFO     | __main__:collect_all:353 - [1440/5485] 002269.SZ: success, 已用 5.8 分, 速度 247.2 个/分, 进度 26.3%
2026-03-03 10:51:33.943 | INFO     | __main__:collect_all:353 - [1450/5485] 002276.SZ: success, 已用 5.9 分, 速度 247.3 个/分, 进度 26.4%
2026-03-03 10:51:36.473 | INFO     | __main__:collect_all:353 - [1460/5485] 002281.SZ: success, 已用 5.9 分, 速度 247.3 个/分, 进度 26.6%
2026-03-03 10:51:40.451 | INFO     | __main__:collect_all:353 - [1470/5485] 002292.SZ: success, 已用 6.0 分, 速度 246.2 个/分, 进度 26.8%
2026-03-03 10:51:42.168 | INFO     | __main__:collect_all:353 - [1480/5485] 002446.SZ: success, 已用 6.0 分, 速度 246.7 个/分, 进度 27.0%
2026-03-03 10:51:43.952 | INFO     | __main__:collect_all:353 - [1490/5485] 601888.SH: success, 已用 6.0 分, 速度 247.1 个/分, 进度 27.2%
2026-03-03 10:51:46.421 | INFO     | __main__:collect_all:353 - [1500/5485] 002315.SZ: success, 已用 6.1 分, 速度 247.1 个/分, 进度 27.3%
2026-03-03 10:51:48.532 | INFO     | __main__:collect_all:353 - [1510/5485] 601618.SH: success, 已用 6.1 分, 速度 247.3 个/分, 进度 27.5%
2026-03-03 10:51:50.419 | INFO     | __main__:collect_all:353 - [1520/5485] 002474.SZ: success, 已用 6.1 分, 速度 247.7 个/分, 进度 27.7%
2026-03-03 10:51:52.402 | INFO     | __main__:collect_all:353 - [1530/5485] 300014.SZ: success, 已用 6.2 分, 速度 248.0 个/分, 进度 27.9%
2026-03-03 10:51:54.112 | INFO     | __main__:collect_all:353 - [1540/5485] 300017.SZ: success, 已用 6.2 分, 速度 248.4 个/分, 进度 28.1%
2026-03-03 10:51:56.100 | INFO     | __main__:collect_all:353 - [1550/5485] 300027.SZ: success, 已用 6.2 分, 速度 248.7 个/分, 进度 28.3%
2026-03-03 10:51:58.092 | INFO     | __main__:collect_all:353 - [1560/5485] 002332.SZ: success, 已用 6.3 分, 速度 249.0 个/分, 进度 28.4%
2026-03-03 10:52:00.172 | INFO     | __main__:collect_all:353 - [1570/5485] 300139.SZ: success, 已用 6.3 分, 速度 249.2 个/分, 进度 28.6%
2026-03-03 10:52:02.662 | INFO     | __main__:collect_all:353 - [1580/5485] 300032.SZ: success, 已用 6.3 分, 速度 249.2 个/分, 进度 28.8%
2026-03-03 10:52:04.380 | INFO     | __main__:collect_all:353 - [1590/5485] 300035.SZ: success, 已用 6.4 分, 速度 249.6 个/分, 进度 29.0%
2026-03-03 10:52:06.335 | INFO     | __main__:collect_all:353 - [1600/5485] 002370.SZ: success, 已用 6.4 分, 速度 249.9 个/分, 进度 29.2%
2026-03-03 10:52:08.155 | INFO     | __main__:collect_all:353 - [1610/5485] 002366.SZ: success, 已用 6.4 分, 速度 250.3 个/分, 进度 29.4%
2026-03-03 10:52:10.019 | INFO     | __main__:collect_all:353 - [1620/5485] 300048.SZ: success, 已用 6.5 分, 速度 250.6 个/分, 进度 29.5%
2026-03-03 10:52:11.772 | INFO     | __main__:collect_all:353 - [1630/5485] 300044.SZ: success, 已用 6.5 分, 速度 251.0 个/分, 进度 29.7%
2026-03-03 10:52:13.709 | INFO     | __main__:collect_all:353 - [1640/5485] 300051.SZ: success, 已用 6.5 分, 速度 251.3 个/分, 进度 29.9%
2026-03-03 10:52:15.443 | INFO     | __main__:collect_all:353 - [1650/5485] 002394.SZ: success, 已用 6.6 分, 速度 251.7 个/分, 进度 30.1%
2026-03-03 10:52:17.993 | INFO     | __main__:collect_all:353 - [1660/5485] 002387.SZ: success, 已用 6.6 分, 速度 251.6 个/分, 进度 30.3%
2026-03-03 10:52:19.975 | INFO     | __main__:collect_all:353 - [1670/5485] 002401.SZ: success, 已用 6.6 分, 速度 251.9 个/分, 进度 30.4%
2026-03-03 10:52:22.050 | INFO     | __main__:collect_all:353 - [1680/5485] 002412.SZ: success, 已用 6.7 分, 速度 252.1 个/分, 进度 30.6%
2026-03-03 10:52:23.852 | INFO     | __main__:collect_all:353 - [1690/5485] 300066.SZ: success, 已用 6.7 分, 速度 252.4 个/分, 进度 30.8%
2026-03-03 10:52:25.647 | INFO     | __main__:collect_all:353 - [1700/5485] 002428.SZ: success, 已用 6.7 分, 速度 252.8 个/分, 进度 31.0%
2026-03-03 10:52:28.160 | INFO     | __main__:collect_all:353 - [1710/5485] 002430.SZ: success, 已用 6.8 分, 速度 252.7 个/分, 进度 31.2%
2026-03-03 10:52:30.097 | INFO     | __main__:collect_all:353 - [1720/5485] 300105.SZ: success, 已用 6.8 分, 速度 253.0 个/分, 进度 31.4%
2026-03-03 10:52:32.193 | INFO     | __main__:collect_all:353 - [1730/5485] 300078.SZ: success, 已用 6.8 分, 速度 253.2 个/分, 进度 31.5%
2026-03-03 10:52:33.981 | INFO     | __main__:collect_all:353 - [1740/5485] 002441.SZ: success, 已用 6.9 分, 速度 253.5 个/分, 进度 31.7%
2026-03-03 10:52:35.951 | INFO     | __main__:collect_all:353 - [1750/5485] 601118.SH: success, 已用 6.9 分, 速度 253.8 个/分, 进度 31.9%
2026-03-03 10:52:37.726 | INFO     | __main__:collect_all:353 - [1760/5485] 002529.SZ: success, 已用 6.9 分, 速度 254.1 个/分, 进度 32.1%
2026-03-03 10:52:39.851 | INFO     | __main__:collect_all:353 - [1770/5485] 002463.SZ: success, 已用 7.0 分, 速度 254.3 个/分, 进度 32.3%
2026-03-03 10:52:41.629 | INFO     | __main__:collect_all:353 - [1780/5485] 300095.SZ: success, 已用 7.0 分, 速度 254.6 个/分, 进度 32.5%
2026-03-03 10:52:43.301 | INFO     | __main__:collect_all:353 - [1790/5485] 300126.SZ: success, 已用 7.0 分, 速度 255.0 个/分, 进度 32.6%
2026-03-03 10:52:47.163 | INFO     | __main__:collect_all:353 - [1800/5485] 601377.SH: success, 已用 7.1 分, 速度 254.1 个/分, 进度 32.8%
2026-03-03 10:52:49.805 | INFO     | __main__:collect_all:353 - [1810/5485] 002478.SZ: success, 已用 7.1 分, 速度 254.0 个/分, 进度 33.0%
2026-03-03 10:52:56.505 | INFO     | __main__:collect_all:353 - [1820/5485] 601098.SH: success, 已用 7.2 分, 速度 251.4 个/分, 进度 33.2%
2026-03-03 10:52:58.502 | INFO     | __main__:collect_all:353 - [1830/5485] 002486.SZ: success, 已用 7.3 分, 速度 251.7 个/分, 进度 33.4%
2026-03-03 10:53:00.418 | INFO     | __main__:collect_all:353 - [1840/5485] 002615.SZ: success, 已用 7.3 分, 速度 251.9 个/分, 进度 33.5%
2026-03-03 10:53:05.993 | INFO     | __main__:collect_all:353 - [1850/5485] 300329.SZ: success, 已用 7.4 分, 速度 250.1 个/分, 进度 33.7%
2026-03-03 10:53:08.831 | INFO     | __main__:collect_all:353 - [1860/5485] 002805.SZ: success, 已用 7.4 分, 速度 249.9 个/分, 进度 33.9%
2026-03-03 10:53:11.287 | INFO     | __main__:collect_all:353 - [1870/5485] 002554.SZ: success, 已用 7.5 分, 速度 249.8 个/分, 进度 34.1%
2026-03-03 10:53:13.791 | INFO     | __main__:collect_all:353 - [1880/5485] 601777.SH: success, 已用 7.5 分, 速度 249.8 个/分, 进度 34.3%
2026-03-03 10:53:16.102 | INFO     | __main__:collect_all:353 - [1890/5485] 002517.SZ: success, 已用 7.6 分, 速度 249.8 个/分, 进度 34.5%
2026-03-03 10:53:18.405 | INFO     | __main__:collect_all:353 - [1900/5485] 300151.SZ: success, 已用 7.6 分, 速度 249.9 个/分, 进度 34.6%
2026-03-03 10:53:21.751 | INFO     | __main__:collect_all:353 - [1910/5485] 300169.SZ: success, 已用 7.7 分, 速度 249.4 个/分, 进度 34.8%
2026-03-03 10:53:24.574 | INFO     | __main__:collect_all:353 - [1920/5485] 300223.SZ: success, 已用 7.7 分, 速度 249.1 个/分, 进度 35.0%
2026-03-03 10:53:26.811 | INFO     | __main__:collect_all:353 - [1930/5485] 002533.SZ: success, 已用 7.7 分, 速度 249.2 个/分, 进度 35.2%
2026-03-03 10:53:30.105 | INFO     | __main__:collect_all:353 - [1940/5485] 300180.SZ: success, 已用 7.8 分, 速度 248.8 个/分, 进度 35.4%
2026-03-03 10:53:31.786 | INFO     | __main__:collect_all:353 - [1950/5485] 002542.SZ: success, 已用 7.8 分, 速度 249.1 个/分, 进度 35.6%
2026-03-03 10:53:33.672 | INFO     | __main__:collect_all:353 - [1960/5485] 002546.SZ: success, 已用 7.9 分, 速度 249.4 个/分, 进度 35.7%
2026-03-03 10:53:35.625 | INFO     | __main__:collect_all:353 - [1970/5485] 002548.SZ: success, 已用 7.9 分, 速度 249.7 个/分, 进度 35.9%
2026-03-03 10:53:38.028 | INFO     | __main__:collect_all:353 - [1980/5485] 300188.SZ: success, 已用 7.9 分, 速度 249.7 个/分, 进度 36.1%
2026-03-03 10:53:39.738 | INFO     | __main__:collect_all:353 - [1990/5485] 002565.SZ: success, 已用 8.0 分, 速度 250.0 个/分, 进度 36.3%
2026-03-03 10:53:42.104 | INFO     | __main__:collect_all:353 - [2000/5485] 300214.SZ: success, 已用 8.0 分, 速度 250.0 个/分, 进度 36.5%
2026-03-03 10:53:44.749 | INFO     | __main__:collect_all:353 - [2010/5485] 002579.SZ: success, 已用 8.0 分, 速度 249.9 个/分, 进度 36.6%
2026-03-03 10:53:46.654 | INFO     | __main__:collect_all:353 - [2020/5485] 300210.SZ: success, 已用 8.1 分, 速度 250.2 个/分, 进度 36.8%
2026-03-03 10:53:48.410 | INFO     | __main__:collect_all:353 - [2030/5485] 300402.SZ: success, 已用 8.1 分, 速度 250.5 个/分, 进度 37.0%
2026-03-03 10:53:50.085 | INFO     | __main__:collect_all:353 - [2040/5485] 300217.SZ: success, 已用 8.1 分, 速度 250.9 个/分, 进度 37.2%
2026-03-03 10:53:52.413 | INFO     | __main__:collect_all:353 - [2050/5485] 300249.SZ: success, 已用 8.2 分, 速度 250.9 个/分, 进度 37.4%
2026-03-03 10:53:54.911 | INFO     | __main__:collect_all:353 - [2060/5485] 601798.SH: success, 已用 8.2 分, 速度 250.9 个/分, 进度 37.6%
2026-03-03 10:53:57.580 | INFO     | __main__:collect_all:353 - [2070/5485] 002783.SZ: success, 已用 8.3 分, 速度 250.7 个/分, 进度 37.7%
2026-03-03 10:53:59.364 | INFO     | __main__:collect_all:353 - [2080/5485] 002597.SZ: success, 已用 8.3 分, 速度 251.0 个/分, 进度 37.9%
2026-03-03 10:54:01.782 | INFO     | __main__:collect_all:353 - [2090/5485] 002603.SZ: success, 已用 8.3 分, 速度 251.0 个/分, 进度 38.1%
2026-03-03 10:54:04.124 | INFO     | __main__:collect_all:353 - [2100/5485] 300254.SZ: success, 已用 8.4 分, 速度 251.0 个/分, 进度 38.3%
2026-03-03 10:54:05.911 | INFO     | __main__:collect_all:353 - [2110/5485] 300267.SZ: success, 已用 8.4 分, 速度 251.3 个/分, 进度 38.5%
2026-03-03 10:54:07.962 | ERROR    | __main__:fetch_daily_data:203 - Failed to fetch 601886.SH: 服务器内部错误，请稍后重试
2026-03-03 10:54:08.651 | INFO     | __main__:collect_all:353 - [2120/5485] 603518.SH: success, 已用 8.4 分, 速度 251.2 个/分, 进度 38.7%
2026-03-03 10:54:10.760 | INFO     | __main__:collect_all:353 - [2130/5485] 002641.SZ: success, 已用 8.5 分, 速度 251.3 个/分, 进度 38.8%
2026-03-03 10:54:12.440 | INFO     | __main__:collect_all:353 - [2140/5485] 002625.SZ: success, 已用 8.5 分, 速度 251.6 个/分, 进度 39.0%
2026-03-03 10:54:14.867 | INFO     | __main__:collect_all:353 - [2150/5485] 002631.SZ: success, 已用 8.5 分, 速度 251.6 个/分, 进度 39.2%
2026-03-03 10:54:17.511 | INFO     | __main__:collect_all:353 - [2160/5485] 002646.SZ: success, 已用 8.6 分, 速度 251.5 个/分, 进度 39.4%
2026-03-03 10:54:19.461 | INFO     | __main__:collect_all:353 - [2170/5485] 300295.SZ: success, 已用 8.6 分, 速度 251.7 个/分, 进度 39.6%
2026-03-03 10:54:22.101 | INFO     | __main__:collect_all:353 - [2180/5485] 601360.SH: success, 已用 8.7 分, 速度 251.6 个/分, 进度 39.7%
2026-03-03 10:54:22.566 | ERROR    | __main__:fetch_daily_data:203 - Failed to fetch 300298.SZ: 服务器内部错误，请稍后重试
2026-03-03 10:54:23.855 | INFO     | __main__:collect_all:353 - [2190/5485] 300532.SZ: success, 已用 8.7 分, 速度 251.9 个/分, 进度 39.9%
2026-03-03 10:54:27.170 | INFO     | __main__:collect_all:353 - [2200/5485] 601929.SH: success, 已用 8.7 分, 速度 251.4 个/分, 进度 40.1%
2026-03-03 10:54:30.743 | INFO     | __main__:collect_all:353 - [2210/5485] 300304.SZ: success, 已用 8.8 分, 速度 250.9 个/分, 进度 40.3%
2026-03-03 10:54:32.864 | INFO     | __main__:collect_all:353 - [2220/5485] 002660.SZ: success, 已用 8.8 分, 速度 251.0 个/分, 进度 40.5%
2026-03-03 10:54:34.701 | INFO     | __main__:collect_all:353 - [2230/5485] 002670.SZ: success, 已用 8.9 分, 速度 251.3 个/分, 进度 40.7%
2026-03-03 10:54:36.864 | INFO     | __main__:collect_all:353 - [2240/5485] 603861.SH: success, 已用 8.9 分, 速度 251.4 个/分, 进度 40.8%
2026-03-03 10:54:39.797 | INFO     | __main__:collect_all:353 - [2250/5485] 002696.SZ: success, 已用 9.0 分, 速度 251.1 个/分, 进度 41.0%
2026-03-03 10:54:42.230 | INFO     | __main__:collect_all:353 - [2260/5485] 002690.SZ: success, 已用 9.0 分, 速度 251.1 个/分, 进度 41.2%
2026-03-03 10:54:44.554 | INFO     | __main__:collect_all:353 - [2270/5485] 002689.SZ: success, 已用 9.0 分, 速度 251.1 个/分, 进度 41.4%
2026-03-03 10:54:46.985 | INFO     | __main__:collect_all:353 - [2280/5485] 002687.SZ: success, 已用 9.1 分, 速度 251.1 个/分, 进度 41.6%
2026-03-03 10:54:49.448 | INFO     | __main__:collect_all:353 - [2290/5485] 603766.SH: success, 已用 9.1 分, 速度 251.1 个/分, 进度 41.8%
2026-03-03 10:54:51.623 | INFO     | __main__:collect_all:353 - [2300/5485] 300383.SZ: success, 已用 9.2 分, 速度 251.2 个/分, 进度 41.9%
2026-03-03 10:54:54.176 | INFO     | __main__:collect_all:353 - [2310/5485] 002792.SZ: success, 已用 9.2 分, 速度 251.1 个/分, 进度 42.1%
2026-03-03 10:54:55.554 | ERROR    | __main__:fetch_daily_data:203 - Failed to fetch 002695.SZ: 服务器内部错误，请稍后重试
2026-03-03 10:54:55.715 | INFO     | __main__:collect_all:353 - [2320/5485] 300382.SZ: success, 已用 9.2 分, 速度 251.5 个/分, 进度 42.3%
2026-03-03 10:54:57.671 | INFO     | __main__:collect_all:353 - [2330/5485] 300507.SZ: success, 已用 9.3 分, 速度 251.7 个/分, 进度 42.5%
2026-03-03 10:55:00.026 | INFO     | __main__:collect_all:353 - [2340/5485] 603088.SH: success, 已用 9.3 分, 速度 251.7 个/分, 进度 42.7%
2026-03-03 10:55:01.744 | INFO     | __main__:collect_all:353 - [2350/5485] 300368.SZ: success, 已用 9.3 分, 速度 252.0 个/分, 进度 42.8%
2026-03-03 10:55:04.203 | INFO     | __main__:collect_all:353 - [2360/5485] 601579.SH: success, 已用 9.4 分, 速度 252.0 个/分, 进度 43.0%
2026-03-03 10:55:06.159 | INFO     | __main__:collect_all:353 - [2370/5485] 300820.SZ: success, 已用 9.4 分, 速度 252.1 个/分, 进度 43.2%
2026-03-03 10:55:08.556 | INFO     | __main__:collect_all:353 - [2380/5485] 300399.SZ: success, 已用 9.4 分, 速度 252.1 个/分, 进度 43.4%
2026-03-03 10:55:11.865 | INFO     | __main__:collect_all:353 - [2390/5485] 002773.SZ: success, 已用 9.5 分, 速度 251.7 个/分, 进度 43.6%
2026-03-03 10:55:13.792 | INFO     | __main__:collect_all:353 - [2400/5485] 603979.SH: success, 已用 9.5 分, 速度 251.9 个/分, 进度 43.8%
2026-03-03 10:55:16.485 | INFO     | __main__:collect_all:353 - [2410/5485] 603611.SH: success, 已用 9.6 分, 速度 251.8 个/分, 进度 43.9%
2026-03-03 10:55:18.321 | INFO     | __main__:collect_all:353 - [2420/5485] 002800.SZ: success, 已用 9.6 分, 速度 252.0 个/分, 进度 44.1%
2026-03-03 10:55:20.092 | INFO     | __main__:collect_all:353 - [2430/5485] 300411.SZ: success, 已用 9.6 分, 速度 252.3 个/分, 进度 44.3%
2026-03-03 10:55:22.098 | INFO     | __main__:collect_all:353 - [2440/5485] 603355.SH: success, 已用 9.7 分, 速度 252.5 个/分, 进度 44.5%
2026-03-03 10:55:23.756 | INFO     | __main__:collect_all:353 - [2450/5485] 300437.SZ: success, 已用 9.7 分, 速度 252.8 个/分, 进度 44.7%
2026-03-03 10:55:25.411 | INFO     | __main__:collect_all:353 - [2460/5485] 601021.SH: success, 已用 9.7 分, 速度 253.1 个/分, 进度 44.8%
2026-03-03 10:55:27.262 | INFO     | __main__:collect_all:353 - [2470/5485] 002761.SZ: success, 已用 9.8 分, 速度 253.3 个/分, 进度 45.0%
2026-03-03 10:55:28.933 | INFO     | __main__:collect_all:353 - [2480/5485] 300449.SZ: success, 已用 9.8 分, 速度 253.6 个/分, 进度 45.2%
2026-03-03 10:55:30.782 | INFO     | __main__:collect_all:353 - [2490/5485] 603383.SH: success, 已用 9.8 分, 速度 253.8 个/分, 进度 45.4%
2026-03-03 10:55:35.996 | INFO     | __main__:collect_all:353 - [2500/5485] 603528.SH: success, 已用 9.9 分, 速度 252.6 个/分, 进度 45.6%
