============================================
[2026-03-03 13:26:16] 开始每日增量更新...
[2026-03-03 13:26:16] 执行增量数据采集...
2026-03-03 13:26:17.320 | INFO     | __main__:init_db:95 - Database initialized
2026-03-03 13:26:17.320 | INFO     | __main__:__init__:48 - Collector2026 initialized, DB: quant_data_2026.db
2026-03-03 13:26:17.320 | INFO     | __main__:main:432 - Starting 增量 collection for 2026...
2026-03-03 13:26:17.324 | INFO     | __main__:main:446 - Collecting 12 indices...
2026-03-03 13:26:17.328 | INFO     | __main__:collect_all:339 - Starting to collect 0 symbols...
2026-03-03 13:26:17.328 | INFO     | __main__:collect_all:340 - Skipped 12 already completed
2026-03-03 13:26:17.328 | INFO     | __main__:collect_all:363 - ============================================================
2026-03-03 13:26:17.328 | INFO     | __main__:collect_all:364 - 采集完成!
2026-03-03 13:26:17.328 | INFO     | __main__:collect_all:365 - 成功: 0, 跳过: 0, 空数据: 0, 错误: 0
2026-03-03 13:26:17.328 | INFO     | __main__:collect_all:366 - 总记录数: 0
2026-03-03 13:26:17.328 | INFO     | __main__:collect_all:367 - 总用时: 0.0 分钟
2026-03-03 13:26:17.328 | INFO     | __main__:collect_all:368 - ============================================================
2026-03-03 13:26:17.328 | INFO     | __main__:main:450 - Collecting 5485 stocks...
2026-03-03 13:26:17.332 | INFO     | __main__:collect_all:339 - Starting to collect 3 symbols...
2026-03-03 13:26:17.332 | INFO     | __main__:collect_all:340 - Skipped 5482 already completed
2026-03-03 13:26:17.980 | INFO     | __main__:collect_all:353 - [3/3] 920260.BJ: success, 已用 0.0 分, 速度 278.0 个/分, 进度 100.0%
2026-03-03 13:26:17.980 | INFO     | __main__:collect_all:363 - ============================================================
2026-03-03 13:26:17.980 | INFO     | __main__:collect_all:364 - 采集完成!
2026-03-03 13:26:17.980 | INFO     | __main__:collect_all:365 - 成功: 3, 跳过: 0, 空数据: 0, 错误: 0
2026-03-03 13:26:17.980 | INFO     | __main__:collect_all:366 - 总记录数: 105
2026-03-03 13:26:17.980 | INFO     | __main__:collect_all:367 - 总用时: 0.0 分钟
2026-03-03 13:26:17.980 | INFO     | __main__:collect_all:368 - ============================================================
[2026-03-03 13:26:18] 当前数据统计:
2026-03-03 13:26:18.359 | INFO     | __main__:init_db:95 - Database initialized
2026-03-03 13:26:18.359 | INFO     | __main__:__init__:48 - Collector2026 initialized, DB: quant_data_2026.db

============================================================
2026年数据统计
============================================================
股票总数: 5497
价格记录数: 191668
有数据的标的: 5497
数据范围: 20260105 ~ 20260302
============================================================
[2026-03-03 13:26:18] 推送到 Gitee...
[2026-03-03 13:26:18] 开始推送到 Gitee...
[2026-03-03 13:26:18] 数据库大小: 21M
[main b8f74c0] Update 2026 quant data - 2026-03-03 13:26:18 - Size: 21M
 1 file changed, 0 insertions(+), 0 deletions(-)
remote: Powered by [01;33mGITEE.COM [0m[1.1.23]        
remote: Set trace flag 144ba09d        
To https://gitee.com/autumn-go/quant.git
   9c2a993..b8f74c0  main -> main
[2026-03-03 13:26:20] ✅ 推送到 Gitee 成功
[2026-03-03 13:26:20] 💡 Github 镜像会自动同步，约 5-10 分钟后生效
[2026-03-03 13:26:20] ✅ 每日更新完成
============================================
============================================
[2026-03-03 18:04:02] 开始每日增量更新...
[2026-03-03 18:04:02] 执行增量数据采集...
2026-03-03 18:04:02.748 | INFO     | __main__:init_db:95 - Database initialized
2026-03-03 18:04:02.748 | INFO     | __main__:__init__:48 - Collector2026 initialized, DB: quant_data_2026.db
2026-03-03 18:04:02.748 | INFO     | __main__:main:432 - Starting 增量 collection for 2026...
2026-03-03 18:04:02.750 | INFO     | __main__:main:446 - Collecting 12 indices...
2026-03-03 18:04:02.753 | INFO     | __main__:collect_all:339 - Starting to collect 0 symbols...
2026-03-03 18:04:02.753 | INFO     | __main__:collect_all:340 - Skipped 12 already completed
2026-03-03 18:04:02.753 | INFO     | __main__:collect_all:363 - ============================================================
2026-03-03 18:04:02.753 | INFO     | __main__:collect_all:364 - 采集完成!
2026-03-03 18:04:02.753 | INFO     | __main__:collect_all:365 - 成功: 0, 跳过: 0, 空数据: 0, 错误: 0
2026-03-03 18:04:02.753 | INFO     | __main__:collect_all:366 - 总记录数: 0
2026-03-03 18:04:02.753 | INFO     | __main__:collect_all:367 - 总用时: 0.0 分钟
2026-03-03 18:04:02.753 | INFO     | __main__:collect_all:368 - ============================================================
2026-03-03 18:04:02.753 | INFO     | __main__:main:450 - Collecting 5485 stocks...
2026-03-03 18:04:02.756 | INFO     | __main__:collect_all:339 - Starting to collect 0 symbols...
2026-03-03 18:04:02.756 | INFO     | __main__:collect_all:340 - Skipped 5485 already completed
2026-03-03 18:04:02.756 | INFO     | __main__:collect_all:363 - ============================================================
2026-03-03 18:04:02.756 | INFO     | __main__:collect_all:364 - 采集完成!
2026-03-03 18:04:02.756 | INFO     | __main__:collect_all:365 - 成功: 0, 跳过: 0, 空数据: 0, 错误: 0
2026-03-03 18:04:02.756 | INFO     | __main__:collect_all:366 - 总记录数: 0
2026-03-03 18:04:02.756 | INFO     | __main__:collect_all:367 - 总用时: 0.0 分钟
2026-03-03 18:04:02.756 | INFO     | __main__:collect_all:368 - ============================================================
[2026-03-03 18:04:02] 当前数据统计:
2026-03-03 18:04:03.121 | INFO     | __main__:init_db:95 - Database initialized
2026-03-03 18:04:03.121 | INFO     | __main__:__init__:48 - Collector2026 initialized, DB: quant_data_2026.db

============================================================
2026年数据统计
============================================================
股票总数: 5497
价格记录数: 191668
有数据的标的: 5497
数据范围: 20260105 ~ 20260302
============================================================
[2026-03-03 18:04:03] 推送到 Gitee...
[2026-03-03 18:04:03] 开始推送到 Gitee...
[2026-03-03 18:04:03] 数据库大小: 22M
[main 1de6890] Update 2026 quant data - 2026-03-03 18:04:03 - Size: 22M
 1 file changed, 0 insertions(+), 0 deletions(-)
remote: Powered by [01;33mGITEE.COM [0m[1.1.23]        
remote: Set trace flag 6243928c        
To https://gitee.com/autumn-go/quant.git
   77752b6..1de6890  main -> main
[2026-03-03 18:04:05] ✅ 推送到 Gitee 成功
[2026-03-03 18:04:05] 💡 Github 镜像会自动同步，约 5-10 分钟后生效
[2026-03-03 18:04:05] ✅ 每日更新完成
============================================
